[debug] [2025-03-25T15:51:03.634Z] ----------------------------------------------------------------------
[debug] [2025-03-25T15:51:03.636Z] Command:       /Users/benjamin.pommeraud/.nvm/versions/node/v22.12.0/bin/node /Users/benjamin.pommeraud/.nvm/versions/node/v22.12.0/bin/firebase init hosting:github
[debug] [2025-03-25T15:51:03.636Z] CLI Version:   13.35.1
[debug] [2025-03-25T15:51:03.636Z] Platform:      darwin
[debug] [2025-03-25T15:51:03.636Z] Node Version:  v22.12.0
[debug] [2025-03-25T15:51:03.636Z] Time:          Tue Mar 25 2025 16:51:03 GMT+0100 (Central European Standard Time)
[debug] [2025-03-25T15:51:03.637Z] ----------------------------------------------------------------------
[debug] 
[debug] [2025-03-25T15:51:03.640Z] > command requires scopes: ["email","openid","https://www.googleapis.com/auth/cloudplatformprojects.readonly","https://www.googleapis.com/auth/firebase","https://www.googleapis.com/auth/cloud-platform"]
[debug] [2025-03-25T15:51:03.640Z] > authorizing via signed-in user (benjamin.pommeraud@gmail.com)
[info] 
     ######## #### ########  ######## ########     ###     ######  ########
     ##        ##  ##     ## ##       ##     ##  ##   ##  ##       ##
     ######    ##  ########  ######   ########  #########  ######  ######
     ##        ##  ##    ##  ##       ##     ## ##     ##       ## ##
     ##       #### ##     ## ######## ########  ##     ##  ######  ########

You're about to initialize a Firebase project in this directory:

  /Users/benjamin.pommeraud/Documents/projectCP

[info] 
=== Project Setup
[info] 
[info] First, let's associate this project directory with a Firebase project.
[info] You can create multiple project aliases by running firebase use --add, 
[info] but for now we'll just set up a default project.
[info] 
